{"C:\\Users\\omarm\\project\\SW-Testing-Assn2\\app.js": {"path":"C:\\Users\\omarm\\project\\SW-Testing-Assn2\\app.js","statementMap":{"0":{"start":{"line":1,"column":16},"end":{"line":1,"column":34}},"1":{"start":{"line":3,"column":12},"end":{"line":3,"column":21}},"2":{"start":{"line":4,"column":13},"end":{"line":4,"column":17}},"3":{"start":{"line":6,"column":0},"end":{"line":6,"column":24}},"4":{"start":{"line":7,"column":0},"end":{"line":7,"column":48}},"5":{"start":{"line":8,"column":0},"end":{"line":8,"column":34}},"6":{"start":{"line":13,"column":22},"end":{"line":13,"column":40}},"7":{"start":{"line":14,"column":17},"end":{"line":14,"column":36}},"8":{"start":{"line":15,"column":20},"end":{"line":15,"column":33}},"9":{"start":{"line":17,"column":14},"end":{"line":17,"column":44}},"10":{"start":{"line":18,"column":2},"end":{"line":18,"column":35}},"11":{"start":{"line":24,"column":2},"end":{"line":27,"column":22}},"12":{"start":{"line":24,"column":18},"end":{"line":24,"column":39}},"13":{"start":{"line":25,"column":7},"end":{"line":27,"column":22}},"14":{"start":{"line":25,"column":35},"end":{"line":25,"column":58}},"15":{"start":{"line":26,"column":7},"end":{"line":27,"column":22}},"16":{"start":{"line":26,"column":34},"end":{"line":26,"column":54}},"17":{"start":{"line":27,"column":7},"end":{"line":27,"column":22}},"18":{"start":{"line":31,"column":0},"end":{"line":33,"column":3}},"19":{"start":{"line":32,"column":2},"end":{"line":32,"column":53}},"20":{"start":{"line":35,"column":0},"end":{"line":40,"column":3}},"21":{"start":{"line":36,"column":35},"end":{"line":36,"column":43}},"22":{"start":{"line":37,"column":18},"end":{"line":37,"column":82}},"23":{"start":{"line":38,"column":23},"end":{"line":38,"column":46}},"24":{"start":{"line":39,"column":2},"end":{"line":39,"column":69}},"25":{"start":{"line":42,"column":0},"end":{"line":44,"column":3}},"26":{"start":{"line":43,"column":2},"end":{"line":43,"column":60}},"27":{"start":{"line":46,"column":0},"end":{"line":46,"column":48}}},"fnMap":{"0":{"name":"calculateBMI","decl":{"start":{"line":11,"column":9},"end":{"line":11,"column":21}},"loc":{"start":{"line":11,"column":44},"end":{"line":20,"column":1}},"line":11},"1":{"name":"getBMICategory","decl":{"start":{"line":22,"column":9},"end":{"line":22,"column":23}},"loc":{"start":{"line":22,"column":29},"end":{"line":28,"column":1}},"line":22},"2":{"name":"(anonymous_2)","decl":{"start":{"line":31,"column":13},"end":{"line":31,"column":14}},"loc":{"start":{"line":31,"column":27},"end":{"line":33,"column":1}},"line":31},"3":{"name":"(anonymous_3)","decl":{"start":{"line":35,"column":23},"end":{"line":35,"column":24}},"loc":{"start":{"line":35,"column":37},"end":{"line":40,"column":1}},"line":35},"4":{"name":"(anonymous_4)","decl":{"start":{"line":42,"column":17},"end":{"line":42,"column":18}},"loc":{"start":{"line":42,"column":23},"end":{"line":44,"column":1}},"line":42}},"branchMap":{"0":{"loc":{"start":{"line":24,"column":2},"end":{"line":27,"column":22}},"type":"if","locations":[{"start":{"line":24,"column":2},"end":{"line":27,"column":22}},{"start":{"line":25,"column":7},"end":{"line":27,"column":22}}],"line":24},"1":{"loc":{"start":{"line":25,"column":7},"end":{"line":27,"column":22}},"type":"if","locations":[{"start":{"line":25,"column":7},"end":{"line":27,"column":22}},{"start":{"line":26,"column":7},"end":{"line":27,"column":22}}],"line":25},"2":{"loc":{"start":{"line":25,"column":11},"end":{"line":25,"column":33}},"type":"binary-expr","locations":[{"start":{"line":25,"column":11},"end":{"line":25,"column":22}},{"start":{"line":25,"column":26},"end":{"line":25,"column":33}}],"line":25},"3":{"loc":{"start":{"line":26,"column":7},"end":{"line":27,"column":22}},"type":"if","locations":[{"start":{"line":26,"column":7},"end":{"line":27,"column":22}},{"start":{"line":27,"column":7},"end":{"line":27,"column":22}}],"line":26},"4":{"loc":{"start":{"line":26,"column":11},"end":{"line":26,"column":32}},"type":"binary-expr","locations":[{"start":{"line":26,"column":11},"end":{"line":26,"column":20}},{"start":{"line":26,"column":24},"end":{"line":26,"column":32}}],"line":26}},"s":{"0":1,"1":1,"2":1,"3":1,"4":1,"5":1,"6":5,"7":5,"8":5,"9":5,"10":5,"11":6,"12":1,"13":5,"14":2,"15":3,"16":2,"17":1,"18":1,"19":0,"20":1,"21":0,"22":0,"23":0,"24":0,"25":1,"26":0,"27":1},"f":{"0":5,"1":6,"2":0,"3":0,"4":0},"b":{"0":[1,5],"1":[2,3],"2":[5,5],"3":[2,1],"4":[3,3]},"_coverageSchema":"1a1c01bbd47fc00a2c39e90264f33305004495a9","hash":"bef2101dd8bb3f6cd0d52b42f16693f764fcdf0b"}
}
