TN:
SF:app.js
FN:11,calculateBMI
FN:22,getBMICategory
FN:31,(anonymous_2)
FN:35,(anonymous_3)
FN:42,(anonymous_4)
FNF:5
FNH:2
FNDA:5,calculateBMI
FNDA:6,getBMICategory
FNDA:0,(anonymous_2)
FNDA:0,(anonymous_3)
FNDA:0,(anonymous_4)
DA:1,1
DA:3,1
DA:4,1
DA:6,1
DA:7,1
DA:8,1
DA:13,5
DA:14,5
DA:15,5
DA:17,5
DA:18,5
DA:24,6
DA:25,5
DA:26,3
DA:27,1
DA:31,1
DA:32,0
DA:35,1
DA:36,0
DA:37,0
DA:38,0
DA:39,0
DA:42,1
DA:43,0
DA:46,1
LF:25
LH:19
BRDA:24,0,0,1
BRDA:24,0,1,5
BRDA:25,1,0,2
BRDA:25,1,1,3
BRDA:25,2,0,5
BRDA:25,2,1,5
BRDA:26,3,0,2
BRDA:26,3,1,1
BRDA:26,4,0,3
BRDA:26,4,1,3
BRF:10
BRH:10
end_of_record
